[debug] [2024-02-09T10:41:42.341Z] ----------------------------------------------------------------------
[debug] [2024-02-09T10:41:42.357Z] Command:       C:\Program Files\nodejs\node.exe C:\Users\Dell pc\AppData\Roaming\npm\node_modules\firebase-tools\lib\bin\firebase.js login:ci
[debug] [2024-02-09T10:41:42.360Z] CLI Version:   13.2.1
[debug] [2024-02-09T10:41:42.363Z] Platform:      win32
[debug] [2024-02-09T10:41:42.365Z] Node Version:  v18.17.1
[debug] [2024-02-09T10:41:42.375Z] Time:          Fri Feb 09 2024 16:11:42 GMT+0530 (India Standard Time)
[debug] [2024-02-09T10:41:42.376Z] ----------------------------------------------------------------------
[debug] 
[warn] !  Authenticating with a `login:ci` token is deprecated and will be removed in a future major version of `firebase-tools`. Instead, use a service account key with `GOOGLE_APPLICATION_CREDENTIALS`: https://cloud.google.com/docs/authentication/getting-started 
[info] 
[info] Visit this URL on this device to log in:
[info] https://accounts.google.com/o/oauth2/auth?client_id=563584335869-fgrhgmd47bqnekij5i8b5pr03ho849e6.apps.googleusercontent.com&scope=email%20openid%20https%3A%2F%2Fwww.googleapis.com%2Fauth%2Fcloudplatformprojects.readonly%20https%3A%2F%2Fwww.googleapis.com%2Fauth%2Ffirebase%20https%3A%2F%2Fwww.googleapis.com%2Fauth%2Fcloud-platform&response_type=code&state=778244993&redirect_uri=http%3A%2F%2Flocalhost%3A9005
[info] 
[info] Waiting for authentication...
[debug] [2024-02-09T10:41:43.248Z] Error: spawn cmd ENOENT
    at ChildProcess._handle.onexit (node:internal/child_process:283:19)
    at onErrorNT (node:internal/child_process:476:16)
    at process.processTicksAndRejections (node:internal/process/task_queues:82:21)
[error] 
[error] Error: An unexpected error has occurred.
